  application.cpp
C:\Users\PC\Documents\GitHub\ACG-Framework-Student\src\framework.h(177,109): warning C4244: 'argumento': conversión de 'float' a 'unsigned char'; posible pérdida de datos
C:\Users\PC\Documents\GitHub\ACG-Framework-Student\src\framework.h(177,100): warning C4244: 'argumento': conversión de 'float' a 'unsigned char'; posible pérdida de datos
C:\Users\PC\Documents\GitHub\ACG-Framework-Student\src\framework.h(177,91): warning C4244: 'argumento': conversión de 'float' a 'unsigned char'; posible pérdida de datos
C:\Users\PC\Documents\GitHub\ACG-Framework-Student\src\framework.h(177,82): warning C4244: 'argumento': conversión de 'float' a 'unsigned char'; posible pérdida de datos
C:\Users\PC\Documents\GitHub\ACG-Framework-Student\src\application.cpp(133,33): warning C4305: 'argumento': truncamiento de 'double' a 'GLclampf'
C:\Users\PC\Documents\GitHub\ACG-Framework-Student\src\application.cpp(171,14): warning C4244: 'inicializando': conversión de 'double' a 'float'; posible pérdida de datos
C:\Users\PC\Documents\GitHub\ACG-Framework-Student\src\application.cpp(172,20): warning C4244: 'inicializando': conversión de 'double' a 'float'; posible pérdida de datos
C:\Users\PC\Documents\GitHub\ACG-Framework-Student\src\application.cpp(175,14): warning C4244: 'inicializando': conversión de 'double' a 'float'; posible pérdida de datos
C:\Users\PC\Documents\GitHub\ACG-Framework-Student\src\application.cpp(255,34): warning C4244: 'argumento': conversión de 'double' a 'float'; posible pérdida de datos
LINK : warning LNK4098: la biblioteca predeterminada'LIBCMT' entra en conflicto con otras bibliotecas; use la biblioteca /NODEFAULTLIB:biblioteca
  Generando código
  1 of 3322 functions (<0.1%) were compiled, the rest were copied from previous compilation.
    0 functions were new in current compilation
    30 functions had inline decision re-evaluated but remain unchanged
  Generación de código finalizada
LINK : warning LNK4286: "___glewDeleteBuffers" importa el símbolo "glew32s.lib(glew.obj)" definido en "imgui_impl_opengl3.obj"
LINK : warning LNK4286: "___glewLinkProgram" importa el símbolo "glew32s.lib(glew.obj)" definido en "imgui_impl_opengl3.obj"
LINK : warning LNK4286: "___glewDeleteShader" importa el símbolo "glew32s.lib(glew.obj)" definido en "imgui_impl_opengl3.obj"
LINK : warning LNK4286: "___glewGenBuffers" importa el símbolo "glew32s.lib(glew.obj)" definido en "imgui_impl_opengl3.obj"
LINK : warning LNK4286: "___glewGetProgramInfoLog" importa el símbolo "glew32s.lib(glew.obj)" definido en "imgui_impl_opengl3.obj"
LINK : warning LNK4286: "___glewDetachShader" importa el símbolo "glew32s.lib(glew.obj)" definido en "imgui_impl_opengl3.obj"
LINK : warning LNK4286: "___glewUniformMatrix4fv" importa el símbolo "glew32s.lib(glew.obj)" definido en "imgui_impl_opengl3.obj"
LINK : warning LNK4286: "___glewBlendEquationSeparate" importa el símbolo "glew32s.lib(glew.obj)" definido en "imgui_impl_opengl3.obj"
LINK : warning LNK4286: "___glewGenVertexArrays" importa el símbolo "glew32s.lib(glew.obj)" definido en "imgui_impl_opengl3.obj"
LINK : warning LNK4286: "___glewBlendEquation" importa el símbolo "glew32s.lib(glew.obj)" definido en "imgui_impl_opengl3.obj"
LINK : warning LNK4286: "___glewShaderSource" importa el símbolo "glew32s.lib(glew.obj)" definido en "imgui_impl_opengl3.obj"
LINK : warning LNK4286: "___glewDeleteProgram" importa el símbolo "glew32s.lib(glew.obj)" definido en "imgui_impl_opengl3.obj"
LINK : warning LNK4286: "___glewActiveTexture" importa el símbolo "glew32s.lib(glew.obj)" definido en "imgui_impl_opengl3.obj"
LINK : warning LNK4286: "___glewAttachShader" importa el símbolo "glew32s.lib(glew.obj)" definido en "imgui_impl_opengl3.obj"
LINK : warning LNK4286: "___glewBufferData" importa el símbolo "glew32s.lib(glew.obj)" definido en "imgui_impl_opengl3.obj"
LINK : warning LNK4286: "___glewGetUniformLocation" importa el símbolo "glew32s.lib(glew.obj)" definido en "imgui_impl_opengl3.obj"
LINK : warning LNK4286: "___glewBlendFuncSeparate" importa el símbolo "glew32s.lib(glew.obj)" definido en "imgui_impl_opengl3.obj"
LINK : warning LNK4286: "___glewDeleteVertexArrays" importa el símbolo "glew32s.lib(glew.obj)" definido en "imgui_impl_opengl3.obj"
LINK : warning LNK4286: "___glewGetProgramiv" importa el símbolo "glew32s.lib(glew.obj)" definido en "imgui_impl_opengl3.obj"
LINK : warning LNK4286: "___glewGetShaderInfoLog" importa el símbolo "glew32s.lib(glew.obj)" definido en "imgui_impl_opengl3.obj"
LINK : warning LNK4286: "___glewUniform1i" importa el símbolo "glew32s.lib(glew.obj)" definido en "imgui_impl_opengl3.obj"
LINK : warning LNK4286: "___glewCreateProgram" importa el símbolo "glew32s.lib(glew.obj)" definido en "imgui_impl_opengl3.obj"
LINK : warning LNK4286: "___glewBindBuffer" importa el símbolo "glew32s.lib(glew.obj)" definido en "imgui_impl_opengl3.obj"
LINK : warning LNK4286: "___glewCreateShader" importa el símbolo "glew32s.lib(glew.obj)" definido en "imgui_impl_opengl3.obj"
LINK : warning LNK4286: "___glewGetAttribLocation" importa el símbolo "glew32s.lib(glew.obj)" definido en "imgui_impl_opengl3.obj"
LINK : warning LNK4286: "___glewCompileShader" importa el símbolo "glew32s.lib(glew.obj)" definido en "imgui_impl_opengl3.obj"
LINK : warning LNK4286: "___glewGetShaderiv" importa el símbolo "glew32s.lib(glew.obj)" definido en "imgui_impl_opengl3.obj"
LINK : warning LNK4286: "___glewDrawElementsBaseVertex" importa el símbolo "glew32s.lib(glew.obj)" definido en "imgui_impl_opengl3.obj"
LINK : warning LNK4286: "___glewVertexAttribPointer" importa el símbolo "glew32s.lib(glew.obj)" definido en "imgui_impl_opengl3.obj"
LINK : warning LNK4286: "___glewUseProgram" importa el símbolo "glew32s.lib(glew.obj)" definido en "imgui_impl_opengl3.obj"
LINK : warning LNK4286: "___glewBindSampler" importa el símbolo "glew32s.lib(glew.obj)" definido en "imgui_impl_opengl3.obj"
LINK : warning LNK4286: "___glewBindVertexArray" importa el símbolo "glew32s.lib(glew.obj)" definido en "imgui_impl_opengl3.obj"
LINK : warning LNK4286: "___glewEnableVertexAttribArray" importa el símbolo "glew32s.lib(glew.obj)" definido en "imgui_impl_opengl3.obj"
glew32s.lib(glew.obj) : warning LNK4099: no se encontró PDB 'vc120.pdb' con 'glew32s.lib(glew.obj)' o en 'C:\Users\PC\Documents\GitHub\ACG-Framework-Student\vc120.pdb'; se vinculará el objeto sin tener en cuenta información de depuración
  visualstudio.vcxproj -> C:\Users\PC\Documents\GitHub\ACG-Framework-Student\framework.exe
